{"C:\\Users\\COREI3\\Desktop\\event-ticket-booking\\app.js": {"path":"C:\\Users\\COREI3\\Desktop\\event-ticket-booking\\app.js","statementMap":{"0":{"start":{"line":1,"column":16},"end":{"line":1,"column":34}},"1":{"start":{"line":2,"column":18},"end":{"line":2,"column":37}},"2":{"start":{"line":3,"column":20},"end":{"line":3,"column":51}},"3":{"start":{"line":4,"column":15},"end":{"line":4,"column":32}},"4":{"start":{"line":5,"column":22},"end":{"line":5,"column":42}},"5":{"start":{"line":11,"column":12},"end":{"line":11,"column":21}},"6":{"start":{"line":12,"column":13},"end":{"line":12,"column":17}},"7":{"start":{"line":17,"column":0},"end":{"line":17,"column":24}},"8":{"start":{"line":18,"column":0},"end":{"line":18,"column":36}},"9":{"start":{"line":21,"column":0},"end":{"line":21,"column":51}},"10":{"start":{"line":24,"column":0},"end":{"line":24,"column":23}},"11":{"start":{"line":31,"column":0},"end":{"line":38,"column":3}},"12":{"start":{"line":33,"column":4},"end":{"line":35,"column":6}},"13":{"start":{"line":34,"column":8},"end":{"line":34,"column":52}},"14":{"start":{"line":37,"column":4},"end":{"line":37,"column":63}},"15":{"start":{"line":41,"column":0},"end":{"line":41,"column":21}}},"fnMap":{"0":{"name":"(anonymous_0)","decl":{"start":{"line":32,"column":6},"end":{"line":32,"column":7}},"loc":{"start":{"line":32,"column":10},"end":{"line":36,"column":1}},"line":32},"1":{"name":"(anonymous_1)","decl":{"start":{"line":33,"column":21},"end":{"line":33,"column":22}},"loc":{"start":{"line":33,"column":25},"end":{"line":35,"column":5}},"line":33},"2":{"name":"(anonymous_2)","decl":{"start":{"line":36,"column":9},"end":{"line":36,"column":10}},"loc":{"start":{"line":36,"column":18},"end":{"line":38,"column":1}},"line":36}},"branchMap":{},"s":{"0":1,"1":1,"2":1,"3":1,"4":1,"5":1,"6":1,"7":1,"8":1,"9":1,"10":1,"11":1,"12":1,"13":1,"14":0,"15":1},"f":{"0":1,"1":1,"2":0},"b":{},"_coverageSchema":"1a1c01bbd47fc00a2c39e90264f33305004495a9","hash":"26e3dc0401b44009dbca1bf275ee6c5161a2d203"}
,"C:\\Users\\COREI3\\Desktop\\event-ticket-booking\\auth.js": {"path":"C:\\Users\\COREI3\\Desktop\\event-ticket-booking\\auth.js","statementMap":{"0":{"start":{"line":1,"column":18},"end":{"line":1,"column":39}},"1":{"start":{"line":5,"column":21},"end":{"line":14,"column":1}},"2":{"start":{"line":6,"column":17},"end":{"line":6,"column":31}},"3":{"start":{"line":8,"column":4},"end":{"line":11,"column":5}},"4":{"start":{"line":9,"column":8},"end":{"line":9,"column":73}},"5":{"start":{"line":10,"column":8},"end":{"line":10,"column":73}},"6":{"start":{"line":13,"column":4},"end":{"line":13,"column":11}},"7":{"start":{"line":16,"column":0},"end":{"line":16,"column":30}}},"fnMap":{"0":{"name":"(anonymous_0)","decl":{"start":{"line":5,"column":21},"end":{"line":5,"column":22}},"loc":{"start":{"line":5,"column":39},"end":{"line":14,"column":1}},"line":5}},"branchMap":{"0":{"loc":{"start":{"line":8,"column":4},"end":{"line":11,"column":5}},"type":"if","locations":[{"start":{"line":8,"column":4},"end":{"line":11,"column":5}},{"start":{},"end":{}}],"line":8},"1":{"loc":{"start":{"line":8,"column":7},"end":{"line":8,"column":68}},"type":"binary-expr","locations":[{"start":{"line":8,"column":7},"end":{"line":8,"column":12}},{"start":{"line":8,"column":16},"end":{"line":8,"column":37}},{"start":{"line":8,"column":41},"end":{"line":8,"column":68}}],"line":8}},"s":{"0":1,"1":1,"2":0,"3":0,"4":0,"5":0,"6":0,"7":1},"f":{"0":0},"b":{"0":[0,0],"1":[0,0,0]},"_coverageSchema":"1a1c01bbd47fc00a2c39e90264f33305004495a9","hash":"1c997c9c0b11be206829ce2de9998c158b70f545"}
,"C:\\Users\\COREI3\\Desktop\\event-ticket-booking\\config.js": {"path":"C:\\Users\\COREI3\\Desktop\\event-ticket-booking\\config.js","statementMap":{"0":{"start":{"line":1,"column":22},"end":{"line":1,"column":42}},"1":{"start":{"line":3,"column":18},"end":{"line":6,"column":2}},"2":{"start":{"line":8,"column":0},"end":{"line":8,"column":27}}},"fnMap":{},"branchMap":{},"s":{"0":1,"1":1,"2":1},"f":{},"b":{},"_coverageSchema":"1a1c01bbd47fc00a2c39e90264f33305004495a9","hash":"3130d28c3f619bc6c0063d297e364b5da825b56b"}
,"C:\\Users\\COREI3\\Desktop\\event-ticket-booking\\loggers.js": {"path":"C:\\Users\\COREI3\\Desktop\\event-ticket-booking\\loggers.js","statementMap":{"0":{"start":{"line":1,"column":11},"end":{"line":1,"column":24}},"1":{"start":{"line":2,"column":13},"end":{"line":2,"column":28}},"2":{"start":{"line":3,"column":15},"end":{"line":3,"column":32}},"3":{"start":{"line":6,"column":18},"end":{"line":6,"column":98}},"4":{"start":{"line":8,"column":24},"end":{"line":8,"column":107}},"5":{"start":{"line":10,"column":18},"end":{"line":13,"column":1}},"6":{"start":{"line":11,"column":22},"end":{"line":11,"column":46}},"7":{"start":{"line":12,"column":4},"end":{"line":12,"column":57}},"8":{"start":{"line":15,"column":18},"end":{"line":18,"column":1}},"9":{"start":{"line":16,"column":22},"end":{"line":16,"column":46}},"10":{"start":{"line":17,"column":4},"end":{"line":17,"column":51}},"11":{"start":{"line":20,"column":0},"end":{"line":24,"column":2}}},"fnMap":{"0":{"name":"(anonymous_0)","decl":{"start":{"line":10,"column":18},"end":{"line":10,"column":19}},"loc":{"start":{"line":10,"column":31},"end":{"line":13,"column":1}},"line":10},"1":{"name":"(anonymous_1)","decl":{"start":{"line":15,"column":18},"end":{"line":15,"column":19}},"loc":{"start":{"line":15,"column":31},"end":{"line":18,"column":1}},"line":15}},"branchMap":{},"s":{"0":1,"1":1,"2":1,"3":1,"4":1,"5":1,"6":3,"7":3,"8":1,"9":0,"10":0,"11":1},"f":{"0":3,"1":0},"b":{},"_coverageSchema":"1a1c01bbd47fc00a2c39e90264f33305004495a9","hash":"77bcd3356b88366c274ddd55351c9ae64e0defc3"}
,"C:\\Users\\COREI3\\Desktop\\event-ticket-booking\\rate-limit.js": {"path":"C:\\Users\\COREI3\\Desktop\\event-ticket-booking\\rate-limit.js","statementMap":{"0":{"start":{"line":1,"column":18},"end":{"line":1,"column":47}},"1":{"start":{"line":3,"column":16},"end":{"line":8,"column":2}},"2":{"start":{"line":10,"column":0},"end":{"line":10,"column":24}}},"fnMap":{},"branchMap":{},"s":{"0":1,"1":1,"2":1},"f":{},"b":{},"_coverageSchema":"1a1c01bbd47fc00a2c39e90264f33305004495a9","hash":"aad3e29d2c29a6d7db9439b4bd94fee2fd13a560"}
,"C:\\Users\\COREI3\\Desktop\\event-ticket-booking\\models\\Booking.js": {"path":"C:\\Users\\COREI3\\Desktop\\event-ticket-booking\\models\\Booking.js","statementMap":{"0":{"start":{"line":1,"column":22},"end":{"line":1,"column":42}},"1":{"start":{"line":2,"column":18},"end":{"line":2,"column":38}},"2":{"start":{"line":3,"column":14},"end":{"line":3,"column":32}},"3":{"start":{"line":5,"column":16},"end":{"line":26,"column":2}},"4":{"start":{"line":28,"column":0},"end":{"line":28,"column":50}},"5":{"start":{"line":29,"column":0},"end":{"line":29,"column":52}},"6":{"start":{"line":31,"column":0},"end":{"line":31,"column":25}}},"fnMap":{},"branchMap":{},"s":{"0":1,"1":1,"2":1,"3":1,"4":1,"5":1,"6":1},"f":{},"b":{},"_coverageSchema":"1a1c01bbd47fc00a2c39e90264f33305004495a9","hash":"1cfa74fd8973ead959363e662e8ea87e2a88da56"}
,"C:\\Users\\COREI3\\Desktop\\event-ticket-booking\\models\\Event.js": {"path":"C:\\Users\\COREI3\\Desktop\\event-ticket-booking\\models\\Event.js","statementMap":{"0":{"start":{"line":1,"column":22},"end":{"line":1,"column":42}},"1":{"start":{"line":2,"column":18},"end":{"line":2,"column":38}},"2":{"start":{"line":4,"column":14},"end":{"line":32,"column":1}},"3":{"start":{"line":33,"column":0},"end":{"line":33,"column":23}}},"fnMap":{},"branchMap":{},"s":{"0":1,"1":1,"2":1,"3":1},"f":{},"b":{},"_coverageSchema":"1a1c01bbd47fc00a2c39e90264f33305004495a9","hash":"c3e86b6ff363c0f9f9b6713e575ad2831277f1cb"}
,"C:\\Users\\COREI3\\Desktop\\event-ticket-booking\\routes\\eventRoutes.js": {"path":"C:\\Users\\COREI3\\Desktop\\event-ticket-booking\\routes\\eventRoutes.js","statementMap":{"0":{"start":{"line":1,"column":16},"end":{"line":1,"column":34}},"1":{"start":{"line":2,"column":14},"end":{"line":2,"column":40}},"2":{"start":{"line":3,"column":16},"end":{"line":3,"column":44}},"3":{"start":{"line":4,"column":18},"end":{"line":4,"column":38}},"4":{"start":{"line":5,"column":21},"end":{"line":5,"column":42}},"5":{"start":{"line":6,"column":21},"end":{"line":6,"column":39}},"6":{"start":{"line":7,"column":16},"end":{"line":7,"column":40}},"7":{"start":{"line":9,"column":15},"end":{"line":9,"column":31}},"8":{"start":{"line":12,"column":19},"end":{"line":12,"column":28}},"9":{"start":{"line":15,"column":0},"end":{"line":36,"column":3}},"10":{"start":{"line":16,"column":38},"end":{"line":16,"column":46}},"11":{"start":{"line":18,"column":4},"end":{"line":35,"column":5}},"12":{"start":{"line":19,"column":22},"end":{"line":23,"column":10}},"13":{"start":{"line":26,"column":8},"end":{"line":30,"column":10}},"14":{"start":{"line":32,"column":8},"end":{"line":32,"column":82}},"15":{"start":{"line":34,"column":8},"end":{"line":34,"column":52}},"16":{"start":{"line":39,"column":0},"end":{"line":105,"column":3}},"17":{"start":{"line":40,"column":32},"end":{"line":40,"column":40}},"18":{"start":{"line":43,"column":14},"end":{"line":43,"column":43}},"19":{"start":{"line":45,"column":4},"end":{"line":47,"column":5}},"20":{"start":{"line":46,"column":8},"end":{"line":46,"column":91}},"21":{"start":{"line":49,"column":4},"end":{"line":104,"column":5}},"22":{"start":{"line":50,"column":22},"end":{"line":50,"column":83}},"23":{"start":{"line":52,"column":8},"end":{"line":57,"column":9}},"24":{"start":{"line":53,"column":12},"end":{"line":53,"column":61}},"25":{"start":{"line":55,"column":12},"end":{"line":55,"column":30}},"26":{"start":{"line":56,"column":12},"end":{"line":56,"column":72}},"27":{"start":{"line":60,"column":10},"end":{"line":60,"column":93}},"28":{"start":{"line":62,"column":8},"end":{"line":101,"column":9}},"29":{"start":{"line":64,"column":12},"end":{"line":97,"column":13}},"30":{"start":{"line":66,"column":16},"end":{"line":66,"column":96}},"31":{"start":{"line":69,"column":16},"end":{"line":69,"column":44}},"32":{"start":{"line":70,"column":16},"end":{"line":70,"column":50}},"33":{"start":{"line":73,"column":36},"end":{"line":73,"column":59}},"34":{"start":{"line":74,"column":16},"end":{"line":77,"column":17}},"35":{"start":{"line":75,"column":20},"end":{"line":75,"column":74}},"36":{"start":{"line":76,"column":20},"end":{"line":76,"column":57}},"37":{"start":{"line":80,"column":16},"end":{"line":80,"column":33}},"38":{"start":{"line":81,"column":16},"end":{"line":81,"column":80}},"39":{"start":{"line":84,"column":16},"end":{"line":84,"column":96}},"40":{"start":{"line":87,"column":36},"end":{"line":87,"column":59}},"41":{"start":{"line":88,"column":16},"end":{"line":91,"column":17}},"42":{"start":{"line":89,"column":16},"end":{"line":89,"column":53}},"43":{"start":{"line":90,"column":16},"end":{"line":90,"column":53}},"44":{"start":{"line":93,"column":16},"end":{"line":93,"column":49}},"45":{"start":{"line":94,"column":16},"end":{"line":94,"column":33}},"46":{"start":{"line":96,"column":16},"end":{"line":96,"column":97}},"47":{"start":{"line":99,"column":12},"end":{"line":99,"column":31}},"48":{"start":{"line":100,"column":12},"end":{"line":100,"column":24}},"49":{"start":{"line":103,"column":8},"end":{"line":103,"column":55}},"50":{"start":{"line":108,"column":0},"end":{"line":167,"column":5}},"51":{"start":{"line":109,"column":32},"end":{"line":109,"column":40}},"52":{"start":{"line":111,"column":4},"end":{"line":166,"column":5}},"53":{"start":{"line":112,"column":24},"end":{"line":112,"column":95}},"54":{"start":{"line":114,"column":8},"end":{"line":117,"column":9}},"55":{"start":{"line":115,"column":12},"end":{"line":115,"column":30}},"56":{"start":{"line":116,"column":12},"end":{"line":116,"column":77}},"57":{"start":{"line":119,"column":22},"end":{"line":119,"column":51}},"58":{"start":{"line":121,"column":8},"end":{"line":124,"column":9}},"59":{"start":{"line":122,"column":12},"end":{"line":122,"column":30}},"60":{"start":{"line":123,"column":12},"end":{"line":123,"column":72}},"61":{"start":{"line":126,"column":16},"end":{"line":126,"column":45}},"62":{"start":{"line":128,"column":8},"end":{"line":162,"column":9}},"63":{"start":{"line":129,"column":12},"end":{"line":129,"column":56}},"64":{"start":{"line":132,"column":32},"end":{"line":135,"column":14}},"65":{"start":{"line":137,"column":12},"end":{"line":144,"column":13}},"66":{"start":{"line":138,"column":16},"end":{"line":138,"column":46}},"67":{"start":{"line":139,"column":16},"end":{"line":139,"column":56}},"68":{"start":{"line":141,"column":30},"end":{"line":141,"column":59}},"69":{"start":{"line":142,"column":16},"end":{"line":142,"column":44}},"70":{"start":{"line":143,"column":16},"end":{"line":143,"column":53}},"71":{"start":{"line":147,"column":32},"end":{"line":147,"column":55}},"72":{"start":{"line":148,"column":12},"end":{"line":155,"column":13}},"73":{"start":{"line":149,"column":16},"end":{"line":153,"column":17}},"74":{"start":{"line":150,"column":16},"end":{"line":150,"column":48}},"75":{"start":{"line":152,"column":16},"end":{"line":152,"column":70}},"76":{"start":{"line":154,"column":16},"end":{"line":154,"column":53}},"77":{"start":{"line":157,"column":12},"end":{"line":157,"column":29}},"78":{"start":{"line":158,"column":12},"end":{"line":158,"column":91}},"79":{"start":{"line":160,"column":12},"end":{"line":160,"column":31}},"80":{"start":{"line":161,"column":12},"end":{"line":161,"column":24}},"81":{"start":{"line":165,"column":6},"end":{"line":165,"column":53}},"82":{"start":{"line":170,"column":2},"end":{"line":213,"column":5}},"83":{"start":{"line":172,"column":24},"end":{"line":172,"column":34}},"84":{"start":{"line":175,"column":24},"end":{"line":175,"column":47}},"85":{"start":{"line":177,"column":4},"end":{"line":183,"column":5}},"86":{"start":{"line":178,"column":8},"end":{"line":182,"column":10}},"87":{"start":{"line":186,"column":4},"end":{"line":212,"column":5}},"88":{"start":{"line":187,"column":22},"end":{"line":187,"column":51}},"89":{"start":{"line":188,"column":8},"end":{"line":190,"column":9}},"90":{"start":{"line":189,"column":12},"end":{"line":189,"column":72}},"91":{"start":{"line":192,"column":28},"end":{"line":192,"column":65}},"92":{"start":{"line":193,"column":33},"end":{"line":193,"column":51}},"93":{"start":{"line":196,"column":8},"end":{"line":199,"column":11}},"94":{"start":{"line":204,"column":8},"end":{"line":209,"column":11}},"95":{"start":{"line":211,"column":6},"end":{"line":211,"column":53}},"96":{"start":{"line":216,"column":0},"end":{"line":235,"column":5}},"97":{"start":{"line":217,"column":4},"end":{"line":219,"column":5}},"98":{"start":{"line":218,"column":8},"end":{"line":218,"column":83}},"99":{"start":{"line":221,"column":22},"end":{"line":221,"column":24}},"100":{"start":{"line":223,"column":4},"end":{"line":230,"column":7}},"101":{"start":{"line":224,"column":6},"end":{"line":229,"column":9}},"102":{"start":{"line":232,"column":4},"end":{"line":234,"column":7}},"103":{"start":{"line":237,"column":33},"end":{"line":253,"column":3}},"104":{"start":{"line":238,"column":4},"end":{"line":252,"column":5}},"105":{"start":{"line":240,"column":26},"end":{"line":246,"column":8}},"106":{"start":{"line":248,"column":6},"end":{"line":248,"column":58}},"107":{"start":{"line":248,"column":42},"end":{"line":248,"column":56}},"108":{"start":{"line":250,"column":6},"end":{"line":250,"column":59}},"109":{"start":{"line":251,"column":6},"end":{"line":251,"column":18}},"110":{"start":{"line":257,"column":2},"end":{"line":257,"column":26}}},"fnMap":{"0":{"name":"(anonymous_0)","decl":{"start":{"line":15,"column":36},"end":{"line":15,"column":37}},"loc":{"start":{"line":15,"column":54},"end":{"line":36,"column":1}},"line":15},"1":{"name":"(anonymous_1)","decl":{"start":{"line":39,"column":21},"end":{"line":39,"column":22}},"loc":{"start":{"line":39,"column":39},"end":{"line":105,"column":1}},"line":39},"2":{"name":"(anonymous_2)","decl":{"start":{"line":108,"column":24},"end":{"line":108,"column":25}},"loc":{"start":{"line":108,"column":44},"end":{"line":167,"column":3}},"line":108},"3":{"name":"(anonymous_3)","decl":{"start":{"line":170,"column":47},"end":{"line":170,"column":48}},"loc":{"start":{"line":170,"column":67},"end":{"line":213,"column":3}},"line":170},"4":{"name":"(anonymous_4)","decl":{"start":{"line":216,"column":27},"end":{"line":216,"column":28}},"loc":{"start":{"line":216,"column":41},"end":{"line":235,"column":3}},"line":216},"5":{"name":"(anonymous_5)","decl":{"start":{"line":223,"column":23},"end":{"line":223,"column":24}},"loc":{"start":{"line":223,"column":39},"end":{"line":230,"column":5}},"line":223},"6":{"name":"(anonymous_6)","decl":{"start":{"line":237,"column":33},"end":{"line":237,"column":34}},"loc":{"start":{"line":237,"column":52},"end":{"line":253,"column":3}},"line":237},"7":{"name":"(anonymous_7)","decl":{"start":{"line":248,"column":29},"end":{"line":248,"column":30}},"loc":{"start":{"line":248,"column":42},"end":{"line":248,"column":56}},"line":248}},"branchMap":{"0":{"loc":{"start":{"line":45,"column":4},"end":{"line":47,"column":5}},"type":"if","locations":[{"start":{"line":45,"column":4},"end":{"line":47,"column":5}},{"start":{},"end":{}}],"line":45},"1":{"loc":{"start":{"line":45,"column":8},"end":{"line":45,"column":27}},"type":"binary-expr","locations":[{"start":{"line":45,"column":8},"end":{"line":45,"column":15}},{"start":{"line":45,"column":19},"end":{"line":45,"column":27}}],"line":45},"2":{"loc":{"start":{"line":52,"column":8},"end":{"line":57,"column":9}},"type":"if","locations":[{"start":{"line":52,"column":8},"end":{"line":57,"column":9}},{"start":{},"end":{}}],"line":52},"3":{"loc":{"start":{"line":64,"column":12},"end":{"line":97,"column":13}},"type":"if","locations":[{"start":{"line":64,"column":12},"end":{"line":97,"column":13}},{"start":{"line":82,"column":19},"end":{"line":97,"column":13}}],"line":64},"4":{"loc":{"start":{"line":74,"column":16},"end":{"line":77,"column":17}},"type":"if","locations":[{"start":{"line":74,"column":16},"end":{"line":77,"column":17}},{"start":{},"end":{}}],"line":74},"5":{"loc":{"start":{"line":88,"column":16},"end":{"line":91,"column":17}},"type":"if","locations":[{"start":{"line":88,"column":16},"end":{"line":91,"column":17}},{"start":{},"end":{}}],"line":88},"6":{"loc":{"start":{"line":114,"column":8},"end":{"line":117,"column":9}},"type":"if","locations":[{"start":{"line":114,"column":8},"end":{"line":117,"column":9}},{"start":{},"end":{}}],"line":114},"7":{"loc":{"start":{"line":121,"column":8},"end":{"line":124,"column":9}},"type":"if","locations":[{"start":{"line":121,"column":8},"end":{"line":124,"column":9}},{"start":{},"end":{}}],"line":121},"8":{"loc":{"start":{"line":137,"column":12},"end":{"line":144,"column":13}},"type":"if","locations":[{"start":{"line":137,"column":12},"end":{"line":144,"column":13}},{"start":{"line":140,"column":19},"end":{"line":144,"column":13}}],"line":137},"9":{"loc":{"start":{"line":148,"column":12},"end":{"line":155,"column":13}},"type":"if","locations":[{"start":{"line":148,"column":12},"end":{"line":155,"column":13}},{"start":{},"end":{}}],"line":148},"10":{"loc":{"start":{"line":149,"column":16},"end":{"line":153,"column":17}},"type":"if","locations":[{"start":{"line":149,"column":16},"end":{"line":153,"column":17}},{"start":{"line":151,"column":23},"end":{"line":153,"column":17}}],"line":149},"11":{"loc":{"start":{"line":177,"column":4},"end":{"line":183,"column":5}},"type":"if","locations":[{"start":{"line":177,"column":4},"end":{"line":183,"column":5}},{"start":{},"end":{}}],"line":177},"12":{"loc":{"start":{"line":188,"column":8},"end":{"line":190,"column":9}},"type":"if","locations":[{"start":{"line":188,"column":8},"end":{"line":190,"column":9}},{"start":{},"end":{}}],"line":188},"13":{"loc":{"start":{"line":217,"column":4},"end":{"line":219,"column":5}},"type":"if","locations":[{"start":{"line":217,"column":4},"end":{"line":219,"column":5}},{"start":{},"end":{}}],"line":217}},"s":{"0":1,"1":1,"2":1,"3":1,"4":1,"5":1,"6":1,"7":1,"8":1,"9":1,"10":2,"11":2,"12":2,"13":2,"14":2,"15":0,"16":1,"17":3,"18":3,"19":3,"20":0,"21":3,"22":3,"23":3,"24":0,"25":0,"26":0,"27":3,"28":3,"29":3,"30":3,"31":3,"32":3,"33":3,"34":3,"35":0,"36":0,"37":3,"38":3,"39":0,"40":0,"41":0,"42":0,"43":0,"44":0,"45":0,"46":0,"47":0,"48":0,"49":0,"50":1,"51":1,"52":1,"53":1,"54":1,"55":0,"56":0,"57":1,"58":1,"59":0,"60":0,"61":1,"62":1,"63":1,"64":1,"65":1,"66":0,"67":0,"68":1,"69":1,"70":1,"71":1,"72":1,"73":0,"74":0,"75":0,"76":0,"77":1,"78":1,"79":0,"80":0,"81":0,"82":1,"83":0,"84":0,"85":0,"86":0,"87":0,"88":0,"89":0,"90":0,"91":0,"92":0,"93":0,"94":0,"95":0,"96":1,"97":0,"98":0,"99":0,"100":0,"101":0,"102":0,"103":1,"104":0,"105":0,"106":0,"107":0,"108":0,"109":0,"110":1},"f":{"0":2,"1":3,"2":1,"3":0,"4":0,"5":0,"6":0,"7":0},"b":{"0":[0,3],"1":[3,3],"2":[0,3],"3":[3,0],"4":[0,3],"5":[0,0],"6":[0,1],"7":[0,1],"8":[0,1],"9":[0,1],"10":[0,0],"11":[0,0],"12":[0,0],"13":[0,0]},"_coverageSchema":"1a1c01bbd47fc00a2c39e90264f33305004495a9","hash":"bdb5cbc8452e2a2cb86630ca8cd8d9ff754271e9"}
}
