TN:
SF:app.js
FN:32,(anonymous_0)
FN:33,(anonymous_1)
FN:36,(anonymous_2)
FNF:3
FNH:2
FNDA:1,(anonymous_0)
FNDA:1,(anonymous_1)
FNDA:0,(anonymous_2)
DA:1,1
DA:2,1
DA:3,1
DA:4,1
DA:5,1
DA:11,1
DA:12,1
DA:17,1
DA:18,1
DA:21,1
DA:24,1
DA:31,1
DA:33,1
DA:34,1
DA:37,0
DA:41,1
LF:16
LH:15
BRF:0
BRH:0
end_of_record
TN:
SF:auth.js
FN:5,(anonymous_0)
FNF:1
FNH:0
FNDA:0,(anonymous_0)
DA:1,1
DA:5,1
DA:6,0
DA:8,0
DA:9,0
DA:10,0
DA:13,0
DA:16,1
LF:8
LH:3
BRDA:8,0,0,0
BRDA:8,0,1,0
BRDA:8,1,0,0
BRDA:8,1,1,0
BRDA:8,1,2,0
BRF:5
BRH:0
end_of_record
TN:
SF:config.js
FNF:0
FNH:0
DA:1,1
DA:3,1
DA:8,1
LF:3
LH:3
BRF:0
BRH:0
end_of_record
TN:
SF:loggers.js
FN:10,(anonymous_0)
FN:15,(anonymous_1)
FNF:2
FNH:1
FNDA:3,(anonymous_0)
FNDA:0,(anonymous_1)
DA:1,1
DA:2,1
DA:3,1
DA:6,1
DA:8,1
DA:10,1
DA:11,3
DA:12,3
DA:15,1
DA:16,0
DA:17,0
DA:20,1
LF:12
LH:10
BRF:0
BRH:0
end_of_record
TN:
SF:rate-limit.js
FNF:0
FNH:0
DA:1,1
DA:3,1
DA:10,1
LF:3
LH:3
BRF:0
BRH:0
end_of_record
TN:
SF:models\Booking.js
FNF:0
FNH:0
DA:1,1
DA:2,1
DA:3,1
DA:5,1
DA:28,1
DA:29,1
DA:31,1
LF:7
LH:7
BRF:0
BRH:0
end_of_record
TN:
SF:models\Event.js
FNF:0
FNH:0
DA:1,1
DA:2,1
DA:4,1
DA:33,1
LF:4
LH:4
BRF:0
BRH:0
end_of_record
TN:
SF:routes\eventRoutes.js
FN:15,(anonymous_0)
FN:39,(anonymous_1)
FN:108,(anonymous_2)
FN:170,(anonymous_3)
FN:216,(anonymous_4)
FN:223,(anonymous_5)
FN:237,(anonymous_6)
FN:248,(anonymous_7)
FNF:8
FNH:3
FNDA:2,(anonymous_0)
FNDA:3,(anonymous_1)
FNDA:1,(anonymous_2)
FNDA:0,(anonymous_3)
FNDA:0,(anonymous_4)
FNDA:0,(anonymous_5)
FNDA:0,(anonymous_6)
FNDA:0,(anonymous_7)
DA:1,1
DA:2,1
DA:3,1
DA:4,1
DA:5,1
DA:6,1
DA:7,1
DA:9,1
DA:12,1
DA:15,1
DA:16,2
DA:18,2
DA:19,2
DA:26,2
DA:32,2
DA:34,0
DA:39,1
DA:40,3
DA:43,3
DA:45,3
DA:46,0
DA:49,3
DA:50,3
DA:52,3
DA:53,0
DA:55,0
DA:56,0
DA:60,3
DA:62,3
DA:64,3
DA:66,3
DA:69,3
DA:70,3
DA:73,3
DA:74,3
DA:75,0
DA:76,0
DA:80,3
DA:81,3
DA:84,0
DA:87,0
DA:88,0
DA:89,0
DA:90,0
DA:93,0
DA:94,0
DA:96,0
DA:99,0
DA:100,0
DA:103,0
DA:108,1
DA:109,1
DA:111,1
DA:112,1
DA:114,1
DA:115,0
DA:116,0
DA:119,1
DA:121,1
DA:122,0
DA:123,0
DA:126,1
DA:128,1
DA:129,1
DA:132,1
DA:137,1
DA:138,0
DA:139,0
DA:141,1
DA:142,1
DA:143,1
DA:147,1
DA:148,1
DA:149,0
DA:150,0
DA:152,0
DA:154,0
DA:157,1
DA:158,1
DA:160,0
DA:161,0
DA:165,0
DA:170,1
DA:172,0
DA:175,0
DA:177,0
DA:178,0
DA:186,0
DA:187,0
DA:188,0
DA:189,0
DA:192,0
DA:193,0
DA:196,0
DA:204,0
DA:211,0
DA:216,1
DA:217,0
DA:218,0
DA:221,0
DA:223,0
DA:224,0
DA:232,0
DA:237,1
DA:238,0
DA:240,0
DA:248,0
DA:250,0
DA:251,0
DA:257,1
LF:110
LH:55
BRDA:45,0,0,0
BRDA:45,0,1,3
BRDA:45,1,0,3
BRDA:45,1,1,3
BRDA:52,2,0,0
BRDA:52,2,1,3
BRDA:64,3,0,3
BRDA:64,3,1,0
BRDA:74,4,0,0
BRDA:74,4,1,3
BRDA:88,5,0,0
BRDA:88,5,1,0
BRDA:114,6,0,0
BRDA:114,6,1,1
BRDA:121,7,0,0
BRDA:121,7,1,1
BRDA:137,8,0,0
BRDA:137,8,1,1
BRDA:148,9,0,0
BRDA:148,9,1,1
BRDA:149,10,0,0
BRDA:149,10,1,0
BRDA:177,11,0,0
BRDA:177,11,1,0
BRDA:188,12,0,0
BRDA:188,12,1,0
BRDA:217,13,0,0
BRDA:217,13,1,0
BRF:28
BRH:10
end_of_record
